Arguments: 
  C:\Program Files\nodejs\node.exe C:\Program Files (x86)\Yarn\bin\yarn.js

PATH: 
  C:\Program Files\Git\mingw64\bin;C:\Program Files\Git\usr\bin;C:\Users\singcl.000\bin;C:\Windows\system32;C:\Windows;C:\Windows\System32\Wbem;C:\Windows\System32\WindowsPowerShell\v1.0;C:\Program Files (x86)\NVIDIA Corporation\PhysX\Common;C:\Program Files\Intel\WiFi\bin;C:\Program Files\Common Files\Intel\WirelessCommon;C:\nvm;C:\Program Files\nodejs;C:\Program Files\Git\cmd;C:\Program Files\Java\jdk1.8.0_121\jre\bin;C:\Program Files\Java\jdk1.8.0_121\bin;C:\Program Files\cmder;C:\Program Files (x86)\Vim\vim80;C:\WINDOWS\system32;C:\WINDOWS;C:\WINDOWS\System32\Wbem;C:\WINDOWS\System32\WindowsPowerShell\v1.0;C:\ProgramData\chocolatey\bin;C:\Program Files (x86)\Yarn\bin;C:\Windows\system32;C:\Windows;C:\Windows\System32\Wbem;C:\Windows\System32\WindowsPowerShell\v1.0;C:\Program Files (x86)\NVIDIA Corporation\PhysX\Common;C:\Program Files\Intel\WiFi\bin;C:\Program Files\Common Files\Intel\WirelessCommon;C:\nvm;C:\Program Files\nodejs;C:\Program Files (x86)\Microsoft VS Code\bin;C:\Users\singcl.000\AppData\Local\Microsoft\WindowsApps;C:\Program Files\MongoDB\Server\3.4\bin;C:\Users\singcl.000\AppData\Local\GitHubDesktop\bin;C:\Users\singcl.000\AppData\Local\Yarn\bin

Yarn version: 
  1.3.2

Node version: 
  8.9.3

Platform: 
  win32 x64

npm manifest: 
  {
    "name": "r-ts",
    "version": "1.0.0",
    "description": "ts l",
    "main": "index.js",
    "scripts": {
      "test": "echo \"Error: no test specified\" && exit 1"
    },
    "repository": {
      "type": "git",
      "url": "git+https://github.com/singcl/r-ts.git"
    },
    "author": "singcl",
    "license": "ISC",
    "bugs": {
      "url": "https://github.com/singcl/r-ts/issues"
    },
    "homepage": "https://github.com/singcl/r-ts#readme",
    "devDependencies": {
      "tslint": "^5.8.0",
      "tslint-config-airbnb": "^5.4.2",
      "tslint-react": "^3.2.0",
      "typescript": "^2.6.2"
    }
  }

yarn manifest: 
  No manifest

Lockfile: 
  No lockfile

Trace: 
  Error: ENOENT: no such file or directory, copyfile 'C:\Users\singcl.000\AppData\Local\Yarn\cache\v1\npm-ansi-styles-2.2.1-b432dd3358b634cf75e1e4664368240533c1ddbe\readme.md' -> 'C:\Users\singcl.000\Desktop\r-ts\node_modules\babel-code-frame\node_modules\ansi-styles\readme.md'
